<?xml version="1.0" encoding="UTF-8"?>
<testng-results ignored="0" total="1" passed="1" failed="0" skipped="0">
  <reporter-output>
  </reporter-output>
  <suite started-at="2020-10-07T13:40:06 AEDT" name="Default suite" finished-at="2020-10-07T13:40:22 AEDT" duration-ms="15564">
    <groups>
    </groups>
    <test started-at="2020-10-07T13:40:06 AEDT" name="Default test" finished-at="2020-10-07T13:40:22 AEDT" duration-ms="15564">
      <class name="com.aem_galen_automation.ebay_Large">
        <test-method signature="homePageLayoutTest()[pri:0, instance:com.aem_galen_automation.ebay_Large@1fe20588]" started-at="2020-10-07T13:40:06 AEDT" name="homePageLayoutTest" finished-at="2020-10-07T13:40:22 AEDT" duration-ms="15507" status="PASS">
          <reporter-output>
          </reporter-output>
        </test-method> <!-- homePageLayoutTest -->
      </class> <!-- com.aem_galen_automation.ebay_Large -->
    </test> <!-- Default test -->
  </suite> <!-- Default suite -->
</testng-results>
